2019-01-30 04:15:22 [main] INFO :: Refreshing org.springframework.context.annotation.AnnotationConfigApplicationContext@1175e2db: startup date [Wed Jan 30 04:15:22 PST 2019]; root of context hierarchy
2019-01-30 04:15:22 [main] INFO :: Loading XML bean definitions from class path resource [applicationContext.xml]
2019-01-30 04:16:05 [main] INFO :: Refreshing org.springframework.context.annotation.AnnotationConfigApplicationContext@1175e2db: startup date [Wed Jan 30 04:16:05 PST 2019]; root of context hierarchy
2019-01-30 04:16:06 [main] INFO :: Loading XML bean definitions from class path resource [batch-jobs/applicationContext.xml]
2019-01-30 04:16:08 [main] INFO :: Overriding bean definition for bean 'simpleJob': replacing [Generic bean: class [org.springframework.batch.core.configuration.xml.SimpleFlowFactoryBean]; scope=; abstract=false; lazyInit=false; autowireMode=0; dependencyCheck=0; autowireCandidate=true; primary=false; factoryBeanName=null; factoryMethodName=null; initMethodName=null; destroyMethodName=null] with [Generic bean: class [org.springframework.batch.core.configuration.xml.JobParserJobFactoryBean]; scope=; abstract=false; lazyInit=false; autowireMode=0; dependencyCheck=0; autowireCandidate=true; primary=false; factoryBeanName=null; factoryMethodName=null; initMethodName=null; destroyMethodName=null]
2019-01-30 04:16:08 [main] INFO :: Loading properties file from class path resource [application.properties]
2019-01-30 04:16:08 [main] INFO :: Overriding bean definition for bean 'studentReader': replacing [Generic bean: class [com.practice.batch.step.StudentReader]; scope=step; abstract=false; lazyInit=false; autowireMode=0; dependencyCheck=0; autowireCandidate=false; primary=false; factoryBeanName=null; factoryMethodName=null; initMethodName=null; destroyMethodName=null; defined in class path resource [batch-jobs/applicationContext.xml]] with [Root bean: class [org.springframework.aop.scope.ScopedProxyFactoryBean]; scope=; abstract=false; lazyInit=false; autowireMode=0; dependencyCheck=0; autowireCandidate=true; primary=false; factoryBeanName=null; factoryMethodName=null; initMethodName=null; destroyMethodName=null; defined in BeanDefinition defined in class path resource [batch-jobs/applicationContext.xml]]
2019-01-30 04:16:08 [main] INFO :: Overriding bean definition for bean 'scopedTarget.studentReader': replacing [Generic bean: class [com.practice.batch.step.StudentReader]; scope=step; abstract=false; lazyInit=false; autowireMode=0; dependencyCheck=0; autowireCandidate=false; primary=false; factoryBeanName=null; factoryMethodName=null; initMethodName=null; destroyMethodName=null; defined in class path resource [batch-jobs/applicationContext.xml]] with [Root bean: class [org.springframework.aop.scope.ScopedProxyFactoryBean]; scope=; abstract=false; lazyInit=false; autowireMode=0; dependencyCheck=0; autowireCandidate=false; primary=false; factoryBeanName=null; factoryMethodName=null; initMethodName=null; destroyMethodName=null; defined in BeanDefinition defined in class path resource [batch-jobs/applicationContext.xml]]
2019-01-30 04:16:09 [main] INFO :: No TaskExecutor has been set, defaulting to synchronous executor.
2019-01-30 04:16:09 [main] INFO :: Printing all beanNames loaded in ApplicationContext
2019-01-30 04:16:09 [main] INFO :: org.springframework.context.annotation.internalConfigurationAnnotationProcessor
2019-01-30 04:16:09 [main] INFO :: org.springframework.context.annotation.internalAutowiredAnnotationProcessor
2019-01-30 04:16:09 [main] INFO :: org.springframework.context.annotation.internalRequiredAnnotationProcessor
2019-01-30 04:16:09 [main] INFO :: org.springframework.context.annotation.internalCommonAnnotationProcessor
2019-01-30 04:16:09 [main] INFO :: springContextConfig
2019-01-30 04:16:09 [main] INFO :: org.springframework.context.annotation.ConfigurationClassPostProcessor.importAwareProcessor
2019-01-30 04:16:09 [main] INFO :: org.springframework.context.annotation.ConfigurationClassPostProcessor.enhancedConfigurationProcessor
2019-01-30 04:16:09 [main] INFO :: studentWriter
2019-01-30 04:16:09 [main] INFO :: org.springframework.beans.factory.config.PropertyPlaceholderConfigurer#0
2019-01-30 04:16:09 [main] INFO :: org.springframework.batch.core.scope.internalStepScope
2019-01-30 04:16:09 [main] INFO :: org.springframework.beans.factory.config.CustomEditorConfigurer
2019-01-30 04:16:09 [main] INFO :: org.springframework.batch.core.configuration.xml.CoreNamespacePostProcessor
2019-01-30 04:16:09 [main] INFO :: step1
2019-01-30 04:16:09 [main] INFO :: simpleJob
2019-01-30 04:16:09 [main] INFO :: jobRepository
2019-01-30 04:16:09 [main] INFO :: jobLauncher
2019-01-30 04:16:09 [main] INFO :: org.springframework.batch.core.scope.StepScope#0
2019-01-30 04:16:09 [main] INFO :: studentReader
2019-01-30 04:16:09 [main] INFO :: transactionManager
2019-01-30 04:16:09 [main] INFO :: org.springframework.aop.config.internalAutoProxyCreator
2019-01-30 04:16:09 [main] INFO :: org.springframework.transaction.annotation.AnnotationTransactionAttributeSource#0
2019-01-30 04:16:09 [main] INFO :: org.springframework.transaction.interceptor.TransactionInterceptor#0
2019-01-30 04:16:09 [main] INFO :: org.springframework.transaction.config.internalTransactionAdvisor
2019-01-30 04:16:09 [main] INFO :: scopedTarget.studentReader
2019-01-30 04:16:09 [main] INFO :: scopedTarget.scopedTarget.studentReader
2019-01-30 04:16:09 [main] INFO :: Starting Job execution
2019-01-30 04:16:10 [main] INFO :: Job: [FlowJob: [name=simpleJob]] launched with the following parameters: [{studyingIn=VI, schoolName=Dr. Zaheer School}]
2019-01-30 04:16:10 [main] INFO :: Executing step: [step1]
2019-01-30 04:16:10 [main] INFO :: Initializing StudentData
2019-01-30 04:16:10 [main] INFO :: Writing total 3 students
2019-01-30 04:16:10 [main] INFO :: Writing now : StudentDTO{emailAddress='tony.tester@gmail.com', name='Tony Tester', purchasedPackage='master', studingIn='VI', schoolName='Dr. Zaheer School'}
2019-01-30 04:16:10 [main] INFO :: Writing now : StudentDTO{emailAddress='nick.newbie@gmail.com', name='Nick Newbie', purchasedPackage='starter', studingIn='VI', schoolName='Dr. Zaheer School'}
2019-01-30 04:16:10 [main] INFO :: Writing now : StudentDTO{emailAddress='ian.intermediate@gmail.com', name='Ian Intermediate', purchasedPackage='intermediate', studingIn='VI', schoolName='Dr. Zaheer School'}
2019-01-30 04:16:10 [main] INFO :: Job: [FlowJob: [name=simpleJob]] completed with the following parameters: [{studyingIn=VI, schoolName=Dr. Zaheer School}] and the following status: [COMPLETED]
2019-01-30 04:16:10 [main] INFO :: Completion Status : COMPLETED
2019-01-30 04:16:10 [main] INFO :: This is my MainApplication
2019-01-30 04:17:59 [main] INFO :: Refreshing org.springframework.context.annotation.AnnotationConfigApplicationContext@1175e2db: startup date [Wed Jan 30 04:17:58 PST 2019]; root of context hierarchy
2019-01-30 04:17:59 [main] INFO :: Loading XML bean definitions from class path resource [batch-jobs/applicationContext.xml]
2019-01-30 04:17:59 [main] INFO :: Overriding bean definition for bean 'simpleJob': replacing [Generic bean: class [org.springframework.batch.core.configuration.xml.SimpleFlowFactoryBean]; scope=; abstract=false; lazyInit=false; autowireMode=0; dependencyCheck=0; autowireCandidate=true; primary=false; factoryBeanName=null; factoryMethodName=null; initMethodName=null; destroyMethodName=null] with [Generic bean: class [org.springframework.batch.core.configuration.xml.JobParserJobFactoryBean]; scope=; abstract=false; lazyInit=false; autowireMode=0; dependencyCheck=0; autowireCandidate=true; primary=false; factoryBeanName=null; factoryMethodName=null; initMethodName=null; destroyMethodName=null]
2019-01-30 04:17:59 [main] INFO :: Loading properties file from class path resource [application.properties]
2019-01-30 04:18:00 [main] INFO :: Overriding bean definition for bean 'studentReader': replacing [Generic bean: class [com.practice.batch.step.StudentReader]; scope=step; abstract=false; lazyInit=false; autowireMode=0; dependencyCheck=0; autowireCandidate=false; primary=false; factoryBeanName=null; factoryMethodName=null; initMethodName=null; destroyMethodName=null; defined in class path resource [batch-jobs/applicationContext.xml]] with [Root bean: class [org.springframework.aop.scope.ScopedProxyFactoryBean]; scope=; abstract=false; lazyInit=false; autowireMode=0; dependencyCheck=0; autowireCandidate=true; primary=false; factoryBeanName=null; factoryMethodName=null; initMethodName=null; destroyMethodName=null; defined in BeanDefinition defined in class path resource [batch-jobs/applicationContext.xml]]
2019-01-30 04:18:00 [main] INFO :: Overriding bean definition for bean 'scopedTarget.studentReader': replacing [Generic bean: class [com.practice.batch.step.StudentReader]; scope=step; abstract=false; lazyInit=false; autowireMode=0; dependencyCheck=0; autowireCandidate=false; primary=false; factoryBeanName=null; factoryMethodName=null; initMethodName=null; destroyMethodName=null; defined in class path resource [batch-jobs/applicationContext.xml]] with [Root bean: class [org.springframework.aop.scope.ScopedProxyFactoryBean]; scope=; abstract=false; lazyInit=false; autowireMode=0; dependencyCheck=0; autowireCandidate=false; primary=false; factoryBeanName=null; factoryMethodName=null; initMethodName=null; destroyMethodName=null; defined in BeanDefinition defined in class path resource [batch-jobs/applicationContext.xml]]
2019-01-30 04:18:00 [main] INFO :: No TaskExecutor has been set, defaulting to synchronous executor.
2019-01-30 04:18:00 [main] INFO :: Printing all beanNames loaded in ApplicationContext
2019-01-30 04:18:00 [main] INFO :: org.springframework.context.annotation.internalConfigurationAnnotationProcessor
2019-01-30 04:18:00 [main] INFO :: org.springframework.context.annotation.internalAutowiredAnnotationProcessor
2019-01-30 04:18:00 [main] INFO :: org.springframework.context.annotation.internalRequiredAnnotationProcessor
2019-01-30 04:18:00 [main] INFO :: org.springframework.context.annotation.internalCommonAnnotationProcessor
2019-01-30 04:18:00 [main] INFO :: springContextConfig
2019-01-30 04:18:00 [main] INFO :: org.springframework.context.annotation.ConfigurationClassPostProcessor.importAwareProcessor
2019-01-30 04:18:00 [main] INFO :: org.springframework.context.annotation.ConfigurationClassPostProcessor.enhancedConfigurationProcessor
2019-01-30 04:18:00 [main] INFO :: studentWriter
2019-01-30 04:18:00 [main] INFO :: org.springframework.beans.factory.config.PropertyPlaceholderConfigurer#0
2019-01-30 04:18:00 [main] INFO :: org.springframework.batch.core.scope.internalStepScope
2019-01-30 04:18:00 [main] INFO :: org.springframework.beans.factory.config.CustomEditorConfigurer
2019-01-30 04:18:00 [main] INFO :: org.springframework.batch.core.configuration.xml.CoreNamespacePostProcessor
2019-01-30 04:18:00 [main] INFO :: step1
2019-01-30 04:18:00 [main] INFO :: simpleJob
2019-01-30 04:18:00 [main] INFO :: jobRepository
2019-01-30 04:18:00 [main] INFO :: jobLauncher
2019-01-30 04:18:00 [main] INFO :: org.springframework.batch.core.scope.StepScope#0
2019-01-30 04:18:00 [main] INFO :: studentReader
2019-01-30 04:18:00 [main] INFO :: transactionManager
2019-01-30 04:18:00 [main] INFO :: org.springframework.aop.config.internalAutoProxyCreator
2019-01-30 04:18:00 [main] INFO :: org.springframework.transaction.annotation.AnnotationTransactionAttributeSource#0
2019-01-30 04:18:00 [main] INFO :: org.springframework.transaction.interceptor.TransactionInterceptor#0
2019-01-30 04:18:00 [main] INFO :: org.springframework.transaction.config.internalTransactionAdvisor
2019-01-30 04:18:00 [main] INFO :: scopedTarget.studentReader
2019-01-30 04:18:00 [main] INFO :: scopedTarget.scopedTarget.studentReader
2019-01-30 04:18:00 [main] INFO :: Starting Job execution
2019-01-30 04:18:00 [main] INFO :: Job: [FlowJob: [name=simpleJob]] launched with the following parameters: [{studyingIn=VI, schoolName=Dr. Zaheer School}]
2019-01-30 04:18:01 [main] INFO :: Executing step: [step1]
2019-01-30 04:18:01 [main] INFO :: StudentReader :: Initializing StudentData
2019-01-30 04:18:01 [main] INFO :: StudentReader :: In read()
2019-01-30 04:18:01 [main] INFO :: StudentReader :: Processing Student: 
2019-01-30 04:18:01 [main] INFO :: StudentReader :: In read()
2019-01-30 04:18:01 [main] INFO :: StudentReader :: Processing Student: 
2019-01-30 04:18:01 [main] INFO :: StudentReader :: In read()
2019-01-30 04:18:01 [main] INFO :: StudentReader :: Processing Student: 
2019-01-30 04:18:01 [main] INFO :: StudentReader :: In read()
2019-01-30 04:18:01 [main] ERROR:: Encountered an error executing the step
java.lang.NullPointerException
	at com.practice.batch.step.StudentReader.read(StudentReader.java:68)
	at com.practice.batch.step.StudentReader.read(StudentReader.java:19)
	at sun.reflect.NativeMethodAccessorImpl.invoke0(Native Method)
	at sun.reflect.NativeMethodAccessorImpl.invoke(NativeMethodAccessorImpl.java:62)
	at sun.reflect.DelegatingMethodAccessorImpl.invoke(DelegatingMethodAccessorImpl.java:43)
	at java.lang.reflect.Method.invoke(Method.java:498)
	at org.springframework.aop.support.AopUtils.invokeJoinpointUsingReflection(AopUtils.java:317)
	at org.springframework.aop.framework.ReflectiveMethodInvocation.invokeJoinpoint(ReflectiveMethodInvocation.java:190)
	at org.springframework.aop.framework.ReflectiveMethodInvocation.proceed(ReflectiveMethodInvocation.java:157)
	at org.springframework.aop.support.DelegatingIntroductionInterceptor.doProceed(DelegatingIntroductionInterceptor.java:133)
	at org.springframework.aop.support.DelegatingIntroductionInterceptor.invoke(DelegatingIntroductionInterceptor.java:121)
	at org.springframework.aop.framework.ReflectiveMethodInvocation.proceed(ReflectiveMethodInvocation.java:179)
	at org.springframework.aop.framework.JdkDynamicAopProxy.invoke(JdkDynamicAopProxy.java:207)
	at com.sun.proxy.$Proxy10.read(Unknown Source)
	at sun.reflect.NativeMethodAccessorImpl.invoke0(Native Method)
	at sun.reflect.NativeMethodAccessorImpl.invoke(NativeMethodAccessorImpl.java:62)
	at sun.reflect.DelegatingMethodAccessorImpl.invoke(DelegatingMethodAccessorImpl.java:43)
	at java.lang.reflect.Method.invoke(Method.java:498)
	at org.springframework.aop.support.AopUtils.invokeJoinpointUsingReflection(AopUtils.java:317)
	at org.springframework.aop.framework.ReflectiveMethodInvocation.invokeJoinpoint(ReflectiveMethodInvocation.java:190)
	at org.springframework.aop.framework.ReflectiveMethodInvocation.proceed(ReflectiveMethodInvocation.java:157)
	at org.springframework.aop.support.DelegatingIntroductionInterceptor.doProceed(DelegatingIntroductionInterceptor.java:133)
	at org.springframework.aop.support.DelegatingIntroductionInterceptor.invoke(DelegatingIntroductionInterceptor.java:121)
	at org.springframework.aop.framework.ReflectiveMethodInvocation.proceed(ReflectiveMethodInvocation.java:179)
	at org.springframework.aop.framework.JdkDynamicAopProxy.invoke(JdkDynamicAopProxy.java:207)
	at com.sun.proxy.$Proxy10.read(Unknown Source)
	at org.springframework.batch.core.step.item.SimpleChunkProvider.doRead(SimpleChunkProvider.java:91)
	at org.springframework.batch.core.step.item.SimpleChunkProvider.read(SimpleChunkProvider.java:155)
	at org.springframework.batch.core.step.item.SimpleChunkProvider$1.doInIteration(SimpleChunkProvider.java:114)
	at org.springframework.batch.repeat.support.RepeatTemplate.getNextResult(RepeatTemplate.java:368)
	at org.springframework.batch.repeat.support.RepeatTemplate.executeInternal(RepeatTemplate.java:215)
	at org.springframework.batch.repeat.support.RepeatTemplate.iterate(RepeatTemplate.java:144)
	at org.springframework.batch.core.step.item.SimpleChunkProvider.provide(SimpleChunkProvider.java:108)
	at org.springframework.batch.core.step.item.ChunkOrientedTasklet.execute(ChunkOrientedTasklet.java:69)
	at org.springframework.batch.core.step.tasklet.TaskletStep$ChunkTransactionCallback.doInTransaction(TaskletStep.java:395)
	at org.springframework.transaction.support.TransactionTemplate.execute(TransactionTemplate.java:133)
	at org.springframework.batch.core.step.tasklet.TaskletStep$2.doInChunkContext(TaskletStep.java:267)
	at org.springframework.batch.core.scope.context.StepContextRepeatCallback.doInIteration(StepContextRepeatCallback.java:77)
	at org.springframework.batch.repeat.support.RepeatTemplate.getNextResult(RepeatTemplate.java:368)
	at org.springframework.batch.repeat.support.RepeatTemplate.executeInternal(RepeatTemplate.java:215)
	at org.springframework.batch.repeat.support.RepeatTemplate.iterate(RepeatTemplate.java:144)
	at org.springframework.batch.core.step.tasklet.TaskletStep.doExecute(TaskletStep.java:253)
	at org.springframework.batch.core.step.AbstractStep.execute(AbstractStep.java:195)
	at org.springframework.batch.core.job.SimpleStepHandler.handleStep(SimpleStepHandler.java:137)
	at org.springframework.batch.core.job.flow.JobFlowExecutor.executeStep(JobFlowExecutor.java:64)
	at org.springframework.batch.core.job.flow.support.state.StepState.handle(StepState.java:60)
	at org.springframework.batch.core.job.flow.support.SimpleFlow.resume(SimpleFlow.java:152)
	at org.springframework.batch.core.job.flow.support.SimpleFlow.start(SimpleFlow.java:131)
	at org.springframework.batch.core.job.flow.FlowJob.doExecute(FlowJob.java:135)
	at org.springframework.batch.core.job.AbstractJob.execute(AbstractJob.java:301)
	at org.springframework.batch.core.launch.support.SimpleJobLauncher$1.run(SimpleJobLauncher.java:134)
	at org.springframework.core.task.SyncTaskExecutor.execute(SyncTaskExecutor.java:50)
	at org.springframework.batch.core.launch.support.SimpleJobLauncher.run(SimpleJobLauncher.java:127)
	at com.practice.batch.MainApplication.main(MainApplication.java:40)
2019-01-30 04:18:01 [main] INFO :: Job: [FlowJob: [name=simpleJob]] completed with the following parameters: [{studyingIn=VI, schoolName=Dr. Zaheer School}] and the following status: [FAILED]
2019-01-30 04:18:01 [main] INFO :: Completion Status : FAILED
2019-01-30 04:18:01 [main] INFO :: This is my MainApplication
2019-01-30 04:18:34 [main] INFO :: Refreshing org.springframework.context.annotation.AnnotationConfigApplicationContext@1175e2db: startup date [Wed Jan 30 04:18:34 PST 2019]; root of context hierarchy
2019-01-30 04:18:35 [main] INFO :: Loading XML bean definitions from class path resource [batch-jobs/applicationContext.xml]
2019-01-30 04:18:35 [main] INFO :: Overriding bean definition for bean 'simpleJob': replacing [Generic bean: class [org.springframework.batch.core.configuration.xml.SimpleFlowFactoryBean]; scope=; abstract=false; lazyInit=false; autowireMode=0; dependencyCheck=0; autowireCandidate=true; primary=false; factoryBeanName=null; factoryMethodName=null; initMethodName=null; destroyMethodName=null] with [Generic bean: class [org.springframework.batch.core.configuration.xml.JobParserJobFactoryBean]; scope=; abstract=false; lazyInit=false; autowireMode=0; dependencyCheck=0; autowireCandidate=true; primary=false; factoryBeanName=null; factoryMethodName=null; initMethodName=null; destroyMethodName=null]
2019-01-30 04:18:35 [main] INFO :: Loading properties file from class path resource [application.properties]
2019-01-30 04:18:35 [main] INFO :: Overriding bean definition for bean 'studentReader': replacing [Generic bean: class [com.practice.batch.step.StudentReader]; scope=step; abstract=false; lazyInit=false; autowireMode=0; dependencyCheck=0; autowireCandidate=false; primary=false; factoryBeanName=null; factoryMethodName=null; initMethodName=null; destroyMethodName=null; defined in class path resource [batch-jobs/applicationContext.xml]] with [Root bean: class [org.springframework.aop.scope.ScopedProxyFactoryBean]; scope=; abstract=false; lazyInit=false; autowireMode=0; dependencyCheck=0; autowireCandidate=true; primary=false; factoryBeanName=null; factoryMethodName=null; initMethodName=null; destroyMethodName=null; defined in BeanDefinition defined in class path resource [batch-jobs/applicationContext.xml]]
2019-01-30 04:18:35 [main] INFO :: Overriding bean definition for bean 'scopedTarget.studentReader': replacing [Generic bean: class [com.practice.batch.step.StudentReader]; scope=step; abstract=false; lazyInit=false; autowireMode=0; dependencyCheck=0; autowireCandidate=false; primary=false; factoryBeanName=null; factoryMethodName=null; initMethodName=null; destroyMethodName=null; defined in class path resource [batch-jobs/applicationContext.xml]] with [Root bean: class [org.springframework.aop.scope.ScopedProxyFactoryBean]; scope=; abstract=false; lazyInit=false; autowireMode=0; dependencyCheck=0; autowireCandidate=false; primary=false; factoryBeanName=null; factoryMethodName=null; initMethodName=null; destroyMethodName=null; defined in BeanDefinition defined in class path resource [batch-jobs/applicationContext.xml]]
2019-01-30 04:18:36 [main] INFO :: No TaskExecutor has been set, defaulting to synchronous executor.
2019-01-30 04:18:36 [main] INFO :: Printing all beanNames loaded in ApplicationContext
2019-01-30 04:18:36 [main] INFO :: org.springframework.context.annotation.internalConfigurationAnnotationProcessor
2019-01-30 04:18:36 [main] INFO :: org.springframework.context.annotation.internalAutowiredAnnotationProcessor
2019-01-30 04:18:36 [main] INFO :: org.springframework.context.annotation.internalRequiredAnnotationProcessor
2019-01-30 04:18:36 [main] INFO :: org.springframework.context.annotation.internalCommonAnnotationProcessor
2019-01-30 04:18:36 [main] INFO :: springContextConfig
2019-01-30 04:18:36 [main] INFO :: org.springframework.context.annotation.ConfigurationClassPostProcessor.importAwareProcessor
2019-01-30 04:18:36 [main] INFO :: org.springframework.context.annotation.ConfigurationClassPostProcessor.enhancedConfigurationProcessor
2019-01-30 04:18:36 [main] INFO :: studentWriter
2019-01-30 04:18:36 [main] INFO :: org.springframework.beans.factory.config.PropertyPlaceholderConfigurer#0
2019-01-30 04:18:36 [main] INFO :: org.springframework.batch.core.scope.internalStepScope
2019-01-30 04:18:36 [main] INFO :: org.springframework.beans.factory.config.CustomEditorConfigurer
2019-01-30 04:18:36 [main] INFO :: org.springframework.batch.core.configuration.xml.CoreNamespacePostProcessor
2019-01-30 04:18:36 [main] INFO :: step1
2019-01-30 04:18:36 [main] INFO :: simpleJob
2019-01-30 04:18:36 [main] INFO :: jobRepository
2019-01-30 04:18:36 [main] INFO :: jobLauncher
2019-01-30 04:18:36 [main] INFO :: org.springframework.batch.core.scope.StepScope#0
2019-01-30 04:18:36 [main] INFO :: studentReader
2019-01-30 04:18:36 [main] INFO :: transactionManager
2019-01-30 04:18:36 [main] INFO :: org.springframework.aop.config.internalAutoProxyCreator
2019-01-30 04:18:36 [main] INFO :: org.springframework.transaction.annotation.AnnotationTransactionAttributeSource#0
2019-01-30 04:18:36 [main] INFO :: org.springframework.transaction.interceptor.TransactionInterceptor#0
2019-01-30 04:18:36 [main] INFO :: org.springframework.transaction.config.internalTransactionAdvisor
2019-01-30 04:18:36 [main] INFO :: scopedTarget.studentReader
2019-01-30 04:18:36 [main] INFO :: scopedTarget.scopedTarget.studentReader
2019-01-30 04:18:36 [main] INFO :: Starting Job execution
2019-01-30 04:18:36 [main] INFO :: Job: [FlowJob: [name=simpleJob]] launched with the following parameters: [{studyingIn=VI, schoolName=Dr. Zaheer School}]
2019-01-30 04:18:36 [main] INFO :: Executing step: [step1]
2019-01-30 04:18:36 [main] INFO :: StudentReader :: Initializing StudentData
2019-01-30 04:18:36 [main] INFO :: StudentReader :: In read()
2019-01-30 04:18:36 [main] INFO :: StudentReader :: Processing Student: Tony Tester
2019-01-30 04:18:36 [main] INFO :: StudentReader :: In read()
2019-01-30 04:18:36 [main] INFO :: StudentReader :: Processing Student: Nick Newbie
2019-01-30 04:18:36 [main] INFO :: StudentReader :: In read()
2019-01-30 04:18:36 [main] INFO :: StudentReader :: Processing Student: Ian Intermediate
2019-01-30 04:18:36 [main] INFO :: StudentReader :: In read()
2019-01-30 04:18:36 [main] ERROR:: Encountered an error executing the step
java.lang.NullPointerException
	at com.practice.batch.step.StudentReader.read(StudentReader.java:68)
	at com.practice.batch.step.StudentReader.read(StudentReader.java:19)
	at sun.reflect.NativeMethodAccessorImpl.invoke0(Native Method)
	at sun.reflect.NativeMethodAccessorImpl.invoke(NativeMethodAccessorImpl.java:62)
	at sun.reflect.DelegatingMethodAccessorImpl.invoke(DelegatingMethodAccessorImpl.java:43)
	at java.lang.reflect.Method.invoke(Method.java:498)
	at org.springframework.aop.support.AopUtils.invokeJoinpointUsingReflection(AopUtils.java:317)
	at org.springframework.aop.framework.ReflectiveMethodInvocation.invokeJoinpoint(ReflectiveMethodInvocation.java:190)
	at org.springframework.aop.framework.ReflectiveMethodInvocation.proceed(ReflectiveMethodInvocation.java:157)
	at org.springframework.aop.support.DelegatingIntroductionInterceptor.doProceed(DelegatingIntroductionInterceptor.java:133)
	at org.springframework.aop.support.DelegatingIntroductionInterceptor.invoke(DelegatingIntroductionInterceptor.java:121)
	at org.springframework.aop.framework.ReflectiveMethodInvocation.proceed(ReflectiveMethodInvocation.java:179)
	at org.springframework.aop.framework.JdkDynamicAopProxy.invoke(JdkDynamicAopProxy.java:207)
	at com.sun.proxy.$Proxy10.read(Unknown Source)
	at sun.reflect.NativeMethodAccessorImpl.invoke0(Native Method)
	at sun.reflect.NativeMethodAccessorImpl.invoke(NativeMethodAccessorImpl.java:62)
	at sun.reflect.DelegatingMethodAccessorImpl.invoke(DelegatingMethodAccessorImpl.java:43)
	at java.lang.reflect.Method.invoke(Method.java:498)
	at org.springframework.aop.support.AopUtils.invokeJoinpointUsingReflection(AopUtils.java:317)
	at org.springframework.aop.framework.ReflectiveMethodInvocation.invokeJoinpoint(ReflectiveMethodInvocation.java:190)
	at org.springframework.aop.framework.ReflectiveMethodInvocation.proceed(ReflectiveMethodInvocation.java:157)
	at org.springframework.aop.support.DelegatingIntroductionInterceptor.doProceed(DelegatingIntroductionInterceptor.java:133)
	at org.springframework.aop.support.DelegatingIntroductionInterceptor.invoke(DelegatingIntroductionInterceptor.java:121)
	at org.springframework.aop.framework.ReflectiveMethodInvocation.proceed(ReflectiveMethodInvocation.java:179)
	at org.springframework.aop.framework.JdkDynamicAopProxy.invoke(JdkDynamicAopProxy.java:207)
	at com.sun.proxy.$Proxy10.read(Unknown Source)
	at org.springframework.batch.core.step.item.SimpleChunkProvider.doRead(SimpleChunkProvider.java:91)
	at org.springframework.batch.core.step.item.SimpleChunkProvider.read(SimpleChunkProvider.java:155)
	at org.springframework.batch.core.step.item.SimpleChunkProvider$1.doInIteration(SimpleChunkProvider.java:114)
	at org.springframework.batch.repeat.support.RepeatTemplate.getNextResult(RepeatTemplate.java:368)
	at org.springframework.batch.repeat.support.RepeatTemplate.executeInternal(RepeatTemplate.java:215)
	at org.springframework.batch.repeat.support.RepeatTemplate.iterate(RepeatTemplate.java:144)
	at org.springframework.batch.core.step.item.SimpleChunkProvider.provide(SimpleChunkProvider.java:108)
	at org.springframework.batch.core.step.item.ChunkOrientedTasklet.execute(ChunkOrientedTasklet.java:69)
	at org.springframework.batch.core.step.tasklet.TaskletStep$ChunkTransactionCallback.doInTransaction(TaskletStep.java:395)
	at org.springframework.transaction.support.TransactionTemplate.execute(TransactionTemplate.java:133)
	at org.springframework.batch.core.step.tasklet.TaskletStep$2.doInChunkContext(TaskletStep.java:267)
	at org.springframework.batch.core.scope.context.StepContextRepeatCallback.doInIteration(StepContextRepeatCallback.java:77)
	at org.springframework.batch.repeat.support.RepeatTemplate.getNextResult(RepeatTemplate.java:368)
	at org.springframework.batch.repeat.support.RepeatTemplate.executeInternal(RepeatTemplate.java:215)
	at org.springframework.batch.repeat.support.RepeatTemplate.iterate(RepeatTemplate.java:144)
	at org.springframework.batch.core.step.tasklet.TaskletStep.doExecute(TaskletStep.java:253)
	at org.springframework.batch.core.step.AbstractStep.execute(AbstractStep.java:195)
	at org.springframework.batch.core.job.SimpleStepHandler.handleStep(SimpleStepHandler.java:137)
	at org.springframework.batch.core.job.flow.JobFlowExecutor.executeStep(JobFlowExecutor.java:64)
	at org.springframework.batch.core.job.flow.support.state.StepState.handle(StepState.java:60)
	at org.springframework.batch.core.job.flow.support.SimpleFlow.resume(SimpleFlow.java:152)
	at org.springframework.batch.core.job.flow.support.SimpleFlow.start(SimpleFlow.java:131)
	at org.springframework.batch.core.job.flow.FlowJob.doExecute(FlowJob.java:135)
	at org.springframework.batch.core.job.AbstractJob.execute(AbstractJob.java:301)
	at org.springframework.batch.core.launch.support.SimpleJobLauncher$1.run(SimpleJobLauncher.java:134)
	at org.springframework.core.task.SyncTaskExecutor.execute(SyncTaskExecutor.java:50)
	at org.springframework.batch.core.launch.support.SimpleJobLauncher.run(SimpleJobLauncher.java:127)
	at com.practice.batch.MainApplication.main(MainApplication.java:40)
2019-01-30 04:18:37 [main] INFO :: Job: [FlowJob: [name=simpleJob]] completed with the following parameters: [{studyingIn=VI, schoolName=Dr. Zaheer School}] and the following status: [FAILED]
2019-01-30 04:18:37 [main] INFO :: Completion Status : FAILED
2019-01-30 04:18:37 [main] INFO :: This is my MainApplication
2019-01-30 04:23:09 [main] INFO :: Refreshing org.springframework.context.annotation.AnnotationConfigApplicationContext@1175e2db: startup date [Wed Jan 30 04:23:09 PST 2019]; root of context hierarchy
2019-01-30 04:23:09 [main] INFO :: Loading XML bean definitions from class path resource [batch-jobs/applicationContext.xml]
2019-01-30 04:23:10 [main] INFO :: Overriding bean definition for bean 'simpleJob': replacing [Generic bean: class [org.springframework.batch.core.configuration.xml.SimpleFlowFactoryBean]; scope=; abstract=false; lazyInit=false; autowireMode=0; dependencyCheck=0; autowireCandidate=true; primary=false; factoryBeanName=null; factoryMethodName=null; initMethodName=null; destroyMethodName=null] with [Generic bean: class [org.springframework.batch.core.configuration.xml.JobParserJobFactoryBean]; scope=; abstract=false; lazyInit=false; autowireMode=0; dependencyCheck=0; autowireCandidate=true; primary=false; factoryBeanName=null; factoryMethodName=null; initMethodName=null; destroyMethodName=null]
2019-01-30 04:23:11 [main] INFO :: Loading properties file from class path resource [application.properties]
2019-01-30 04:23:11 [main] INFO :: Overriding bean definition for bean 'studentReader': replacing [Generic bean: class [com.practice.batch.step.StudentReader]; scope=step; abstract=false; lazyInit=false; autowireMode=0; dependencyCheck=0; autowireCandidate=false; primary=false; factoryBeanName=null; factoryMethodName=null; initMethodName=null; destroyMethodName=null; defined in class path resource [batch-jobs/applicationContext.xml]] with [Root bean: class [org.springframework.aop.scope.ScopedProxyFactoryBean]; scope=; abstract=false; lazyInit=false; autowireMode=0; dependencyCheck=0; autowireCandidate=true; primary=false; factoryBeanName=null; factoryMethodName=null; initMethodName=null; destroyMethodName=null; defined in BeanDefinition defined in class path resource [batch-jobs/applicationContext.xml]]
2019-01-30 04:23:11 [main] INFO :: Overriding bean definition for bean 'studentProcessor': replacing [Generic bean: class [com.practice.batch.step.StudentProcessor]; scope=step; abstract=false; lazyInit=false; autowireMode=0; dependencyCheck=0; autowireCandidate=false; primary=false; factoryBeanName=null; factoryMethodName=null; initMethodName=null; destroyMethodName=null; defined in class path resource [batch-jobs/applicationContext.xml]] with [Root bean: class [org.springframework.aop.scope.ScopedProxyFactoryBean]; scope=; abstract=false; lazyInit=false; autowireMode=0; dependencyCheck=0; autowireCandidate=true; primary=false; factoryBeanName=null; factoryMethodName=null; initMethodName=null; destroyMethodName=null; defined in BeanDefinition defined in class path resource [batch-jobs/applicationContext.xml]]
2019-01-30 04:23:11 [main] INFO :: Overriding bean definition for bean 'scopedTarget.studentReader': replacing [Generic bean: class [com.practice.batch.step.StudentReader]; scope=step; abstract=false; lazyInit=false; autowireMode=0; dependencyCheck=0; autowireCandidate=false; primary=false; factoryBeanName=null; factoryMethodName=null; initMethodName=null; destroyMethodName=null; defined in class path resource [batch-jobs/applicationContext.xml]] with [Root bean: class [org.springframework.aop.scope.ScopedProxyFactoryBean]; scope=; abstract=false; lazyInit=false; autowireMode=0; dependencyCheck=0; autowireCandidate=false; primary=false; factoryBeanName=null; factoryMethodName=null; initMethodName=null; destroyMethodName=null; defined in BeanDefinition defined in class path resource [batch-jobs/applicationContext.xml]]
2019-01-30 04:23:11 [main] INFO :: Overriding bean definition for bean 'scopedTarget.studentProcessor': replacing [Generic bean: class [com.practice.batch.step.StudentProcessor]; scope=step; abstract=false; lazyInit=false; autowireMode=0; dependencyCheck=0; autowireCandidate=false; primary=false; factoryBeanName=null; factoryMethodName=null; initMethodName=null; destroyMethodName=null; defined in class path resource [batch-jobs/applicationContext.xml]] with [Root bean: class [org.springframework.aop.scope.ScopedProxyFactoryBean]; scope=; abstract=false; lazyInit=false; autowireMode=0; dependencyCheck=0; autowireCandidate=false; primary=false; factoryBeanName=null; factoryMethodName=null; initMethodName=null; destroyMethodName=null; defined in BeanDefinition defined in class path resource [batch-jobs/applicationContext.xml]]
2019-01-30 04:23:11 [main] INFO :: No TaskExecutor has been set, defaulting to synchronous executor.
2019-01-30 04:23:12 [main] INFO :: Printing all beanNames loaded in ApplicationContext
2019-01-30 04:23:12 [main] INFO :: org.springframework.context.annotation.internalConfigurationAnnotationProcessor
2019-01-30 04:23:12 [main] INFO :: org.springframework.context.annotation.internalAutowiredAnnotationProcessor
2019-01-30 04:23:12 [main] INFO :: org.springframework.context.annotation.internalRequiredAnnotationProcessor
2019-01-30 04:23:12 [main] INFO :: org.springframework.context.annotation.internalCommonAnnotationProcessor
2019-01-30 04:23:12 [main] INFO :: springContextConfig
2019-01-30 04:23:12 [main] INFO :: org.springframework.context.annotation.ConfigurationClassPostProcessor.importAwareProcessor
2019-01-30 04:23:12 [main] INFO :: org.springframework.context.annotation.ConfigurationClassPostProcessor.enhancedConfigurationProcessor
2019-01-30 04:23:12 [main] INFO :: studentWriter
2019-01-30 04:23:12 [main] INFO :: org.springframework.beans.factory.config.PropertyPlaceholderConfigurer#0
2019-01-30 04:23:12 [main] INFO :: org.springframework.batch.core.scope.internalStepScope
2019-01-30 04:23:12 [main] INFO :: org.springframework.beans.factory.config.CustomEditorConfigurer
2019-01-30 04:23:12 [main] INFO :: org.springframework.batch.core.configuration.xml.CoreNamespacePostProcessor
2019-01-30 04:23:12 [main] INFO :: step1
2019-01-30 04:23:12 [main] INFO :: simpleJob
2019-01-30 04:23:12 [main] INFO :: jobRepository
2019-01-30 04:23:12 [main] INFO :: jobLauncher
2019-01-30 04:23:12 [main] INFO :: org.springframework.batch.core.scope.StepScope#0
2019-01-30 04:23:12 [main] INFO :: studentReader
2019-01-30 04:23:12 [main] INFO :: studentProcessor
2019-01-30 04:23:12 [main] INFO :: transactionManager
2019-01-30 04:23:12 [main] INFO :: org.springframework.aop.config.internalAutoProxyCreator
2019-01-30 04:23:12 [main] INFO :: org.springframework.transaction.annotation.AnnotationTransactionAttributeSource#0
2019-01-30 04:23:12 [main] INFO :: org.springframework.transaction.interceptor.TransactionInterceptor#0
2019-01-30 04:23:12 [main] INFO :: org.springframework.transaction.config.internalTransactionAdvisor
2019-01-30 04:23:12 [main] INFO :: scopedTarget.studentReader
2019-01-30 04:23:12 [main] INFO :: scopedTarget.studentProcessor
2019-01-30 04:23:12 [main] INFO :: scopedTarget.scopedTarget.studentReader
2019-01-30 04:23:12 [main] INFO :: scopedTarget.scopedTarget.studentProcessor
2019-01-30 04:23:12 [main] INFO :: Starting Job execution
2019-01-30 04:23:12 [main] INFO :: Job: [FlowJob: [name=simpleJob]] launched with the following parameters: [{studyingIn=VI, schoolName=Dr. Zaheer School}]
2019-01-30 04:23:12 [main] INFO :: Executing step: [step1]
2019-01-30 04:23:12 [main] ERROR:: Encountered an error executing the step
org.springframework.beans.factory.BeanCreationException: Error creating bean with name 'scopedTarget.scopedTarget.studentReader' defined in class path resource [batch-jobs/applicationContext.xml]: Could not resolve matching constructor (hint: specify index/type/name arguments for simple parameters to avoid type ambiguities)
	at org.springframework.beans.factory.support.ConstructorResolver.autowireConstructor(ConstructorResolver.java:239)
	at org.springframework.beans.factory.support.AbstractAutowireCapableBeanFactory.autowireConstructor(AbstractAutowireCapableBeanFactory.java:1114)
	at org.springframework.beans.factory.support.AbstractAutowireCapableBeanFactory.createBeanInstance(AbstractAutowireCapableBeanFactory.java:1017)
	at org.springframework.beans.factory.support.AbstractAutowireCapableBeanFactory.doCreateBean(AbstractAutowireCapableBeanFactory.java:504)
	at org.springframework.beans.factory.support.AbstractAutowireCapableBeanFactory.createBean(AbstractAutowireCapableBeanFactory.java:475)
	at org.springframework.beans.factory.support.AbstractBeanFactory$2.getObject(AbstractBeanFactory.java:343)
	at org.springframework.batch.core.scope.StepScope.get(StepScope.java:158)
	at org.springframework.beans.factory.support.AbstractBeanFactory.doGetBean(AbstractBeanFactory.java:338)
	at org.springframework.beans.factory.support.AbstractBeanFactory.getBean(AbstractBeanFactory.java:195)
	at org.springframework.aop.target.SimpleBeanTargetSource.getTarget(SimpleBeanTargetSource.java:35)
	at org.springframework.aop.framework.JdkDynamicAopProxy.invoke(JdkDynamicAopProxy.java:187)
	at com.sun.proxy.$Proxy10.read(Unknown Source)
	at sun.reflect.NativeMethodAccessorImpl.invoke0(Native Method)
	at sun.reflect.NativeMethodAccessorImpl.invoke(NativeMethodAccessorImpl.java:62)
	at sun.reflect.DelegatingMethodAccessorImpl.invoke(DelegatingMethodAccessorImpl.java:43)
	at java.lang.reflect.Method.invoke(Method.java:498)
	at org.springframework.aop.support.AopUtils.invokeJoinpointUsingReflection(AopUtils.java:317)
	at org.springframework.aop.framework.ReflectiveMethodInvocation.invokeJoinpoint(ReflectiveMethodInvocation.java:190)
	at org.springframework.aop.framework.ReflectiveMethodInvocation.proceed(ReflectiveMethodInvocation.java:157)
	at org.springframework.aop.support.DelegatingIntroductionInterceptor.doProceed(DelegatingIntroductionInterceptor.java:133)
	at org.springframework.aop.support.DelegatingIntroductionInterceptor.invoke(DelegatingIntroductionInterceptor.java:121)
	at org.springframework.aop.framework.ReflectiveMethodInvocation.proceed(ReflectiveMethodInvocation.java:179)
	at org.springframework.aop.framework.JdkDynamicAopProxy.invoke(JdkDynamicAopProxy.java:207)
	at com.sun.proxy.$Proxy10.read(Unknown Source)
	at org.springframework.batch.core.step.item.SimpleChunkProvider.doRead(SimpleChunkProvider.java:91)
	at org.springframework.batch.core.step.item.SimpleChunkProvider.read(SimpleChunkProvider.java:155)
	at org.springframework.batch.core.step.item.SimpleChunkProvider$1.doInIteration(SimpleChunkProvider.java:114)
	at org.springframework.batch.repeat.support.RepeatTemplate.getNextResult(RepeatTemplate.java:368)
	at org.springframework.batch.repeat.support.RepeatTemplate.executeInternal(RepeatTemplate.java:215)
	at org.springframework.batch.repeat.support.RepeatTemplate.iterate(RepeatTemplate.java:144)
	at org.springframework.batch.core.step.item.SimpleChunkProvider.provide(SimpleChunkProvider.java:108)
	at org.springframework.batch.core.step.item.ChunkOrientedTasklet.execute(ChunkOrientedTasklet.java:69)
	at org.springframework.batch.core.step.tasklet.TaskletStep$ChunkTransactionCallback.doInTransaction(TaskletStep.java:395)
	at org.springframework.transaction.support.TransactionTemplate.execute(TransactionTemplate.java:133)
	at org.springframework.batch.core.step.tasklet.TaskletStep$2.doInChunkContext(TaskletStep.java:267)
	at org.springframework.batch.core.scope.context.StepContextRepeatCallback.doInIteration(StepContextRepeatCallback.java:77)
	at org.springframework.batch.repeat.support.RepeatTemplate.getNextResult(RepeatTemplate.java:368)
	at org.springframework.batch.repeat.support.RepeatTemplate.executeInternal(RepeatTemplate.java:215)
	at org.springframework.batch.repeat.support.RepeatTemplate.iterate(RepeatTemplate.java:144)
	at org.springframework.batch.core.step.tasklet.TaskletStep.doExecute(TaskletStep.java:253)
	at org.springframework.batch.core.step.AbstractStep.execute(AbstractStep.java:195)
	at org.springframework.batch.core.job.SimpleStepHandler.handleStep(SimpleStepHandler.java:137)
	at org.springframework.batch.core.job.flow.JobFlowExecutor.executeStep(JobFlowExecutor.java:64)
	at org.springframework.batch.core.job.flow.support.state.StepState.handle(StepState.java:60)
	at org.springframework.batch.core.job.flow.support.SimpleFlow.resume(SimpleFlow.java:152)
	at org.springframework.batch.core.job.flow.support.SimpleFlow.start(SimpleFlow.java:131)
	at org.springframework.batch.core.job.flow.FlowJob.doExecute(FlowJob.java:135)
	at org.springframework.batch.core.job.AbstractJob.execute(AbstractJob.java:301)
	at org.springframework.batch.core.launch.support.SimpleJobLauncher$1.run(SimpleJobLauncher.java:134)
	at org.springframework.core.task.SyncTaskExecutor.execute(SyncTaskExecutor.java:50)
	at org.springframework.batch.core.launch.support.SimpleJobLauncher.run(SimpleJobLauncher.java:127)
	at com.practice.batch.MainApplication.main(MainApplication.java:40)
2019-01-30 04:23:12 [main] INFO :: Job: [FlowJob: [name=simpleJob]] completed with the following parameters: [{studyingIn=VI, schoolName=Dr. Zaheer School}] and the following status: [FAILED]
2019-01-30 04:23:12 [main] INFO :: Completion Status : FAILED
2019-01-30 04:23:12 [main] INFO :: This is my MainApplication
2019-01-30 04:23:49 [main] INFO :: Refreshing org.springframework.context.annotation.AnnotationConfigApplicationContext@1175e2db: startup date [Wed Jan 30 04:23:49 PST 2019]; root of context hierarchy
2019-01-30 04:23:49 [main] INFO :: Loading XML bean definitions from class path resource [batch-jobs/applicationContext.xml]
2019-01-30 04:23:50 [main] INFO :: Overriding bean definition for bean 'simpleJob': replacing [Generic bean: class [org.springframework.batch.core.configuration.xml.SimpleFlowFactoryBean]; scope=; abstract=false; lazyInit=false; autowireMode=0; dependencyCheck=0; autowireCandidate=true; primary=false; factoryBeanName=null; factoryMethodName=null; initMethodName=null; destroyMethodName=null] with [Generic bean: class [org.springframework.batch.core.configuration.xml.JobParserJobFactoryBean]; scope=; abstract=false; lazyInit=false; autowireMode=0; dependencyCheck=0; autowireCandidate=true; primary=false; factoryBeanName=null; factoryMethodName=null; initMethodName=null; destroyMethodName=null]
2019-01-30 04:23:50 [main] INFO :: Loading properties file from class path resource [application.properties]
2019-01-30 04:23:50 [main] INFO :: Overriding bean definition for bean 'studentReader': replacing [Generic bean: class [com.practice.batch.step.StudentReader]; scope=step; abstract=false; lazyInit=false; autowireMode=0; dependencyCheck=0; autowireCandidate=false; primary=false; factoryBeanName=null; factoryMethodName=null; initMethodName=null; destroyMethodName=null; defined in class path resource [batch-jobs/applicationContext.xml]] with [Root bean: class [org.springframework.aop.scope.ScopedProxyFactoryBean]; scope=; abstract=false; lazyInit=false; autowireMode=0; dependencyCheck=0; autowireCandidate=true; primary=false; factoryBeanName=null; factoryMethodName=null; initMethodName=null; destroyMethodName=null; defined in BeanDefinition defined in class path resource [batch-jobs/applicationContext.xml]]
2019-01-30 04:23:50 [main] INFO :: Overriding bean definition for bean 'studentProcessor': replacing [Generic bean: class [com.practice.batch.step.StudentProcessor]; scope=step; abstract=false; lazyInit=false; autowireMode=0; dependencyCheck=0; autowireCandidate=false; primary=false; factoryBeanName=null; factoryMethodName=null; initMethodName=null; destroyMethodName=null; defined in class path resource [batch-jobs/applicationContext.xml]] with [Root bean: class [org.springframework.aop.scope.ScopedProxyFactoryBean]; scope=; abstract=false; lazyInit=false; autowireMode=0; dependencyCheck=0; autowireCandidate=true; primary=false; factoryBeanName=null; factoryMethodName=null; initMethodName=null; destroyMethodName=null; defined in BeanDefinition defined in class path resource [batch-jobs/applicationContext.xml]]
2019-01-30 04:23:50 [main] INFO :: Overriding bean definition for bean 'scopedTarget.studentReader': replacing [Generic bean: class [com.practice.batch.step.StudentReader]; scope=step; abstract=false; lazyInit=false; autowireMode=0; dependencyCheck=0; autowireCandidate=false; primary=false; factoryBeanName=null; factoryMethodName=null; initMethodName=null; destroyMethodName=null; defined in class path resource [batch-jobs/applicationContext.xml]] with [Root bean: class [org.springframework.aop.scope.ScopedProxyFactoryBean]; scope=; abstract=false; lazyInit=false; autowireMode=0; dependencyCheck=0; autowireCandidate=false; primary=false; factoryBeanName=null; factoryMethodName=null; initMethodName=null; destroyMethodName=null; defined in BeanDefinition defined in class path resource [batch-jobs/applicationContext.xml]]
2019-01-30 04:23:50 [main] INFO :: Overriding bean definition for bean 'scopedTarget.studentProcessor': replacing [Generic bean: class [com.practice.batch.step.StudentProcessor]; scope=step; abstract=false; lazyInit=false; autowireMode=0; dependencyCheck=0; autowireCandidate=false; primary=false; factoryBeanName=null; factoryMethodName=null; initMethodName=null; destroyMethodName=null; defined in class path resource [batch-jobs/applicationContext.xml]] with [Root bean: class [org.springframework.aop.scope.ScopedProxyFactoryBean]; scope=; abstract=false; lazyInit=false; autowireMode=0; dependencyCheck=0; autowireCandidate=false; primary=false; factoryBeanName=null; factoryMethodName=null; initMethodName=null; destroyMethodName=null; defined in BeanDefinition defined in class path resource [batch-jobs/applicationContext.xml]]
2019-01-30 04:23:51 [main] INFO :: No TaskExecutor has been set, defaulting to synchronous executor.
2019-01-30 04:23:51 [main] INFO :: Printing all beanNames loaded in ApplicationContext
2019-01-30 04:23:51 [main] INFO :: org.springframework.context.annotation.internalConfigurationAnnotationProcessor
2019-01-30 04:23:51 [main] INFO :: org.springframework.context.annotation.internalAutowiredAnnotationProcessor
2019-01-30 04:23:51 [main] INFO :: org.springframework.context.annotation.internalRequiredAnnotationProcessor
2019-01-30 04:23:51 [main] INFO :: org.springframework.context.annotation.internalCommonAnnotationProcessor
2019-01-30 04:23:51 [main] INFO :: springContextConfig
2019-01-30 04:23:51 [main] INFO :: org.springframework.context.annotation.ConfigurationClassPostProcessor.importAwareProcessor
2019-01-30 04:23:51 [main] INFO :: org.springframework.context.annotation.ConfigurationClassPostProcessor.enhancedConfigurationProcessor
2019-01-30 04:23:51 [main] INFO :: studentWriter
2019-01-30 04:23:51 [main] INFO :: org.springframework.beans.factory.config.PropertyPlaceholderConfigurer#0
2019-01-30 04:23:51 [main] INFO :: org.springframework.batch.core.scope.internalStepScope
2019-01-30 04:23:51 [main] INFO :: org.springframework.beans.factory.config.CustomEditorConfigurer
2019-01-30 04:23:51 [main] INFO :: org.springframework.batch.core.configuration.xml.CoreNamespacePostProcessor
2019-01-30 04:23:51 [main] INFO :: step1
2019-01-30 04:23:51 [main] INFO :: simpleJob
2019-01-30 04:23:51 [main] INFO :: jobRepository
2019-01-30 04:23:51 [main] INFO :: jobLauncher
2019-01-30 04:23:51 [main] INFO :: org.springframework.batch.core.scope.StepScope#0
2019-01-30 04:23:51 [main] INFO :: studentReader
2019-01-30 04:23:51 [main] INFO :: studentProcessor
2019-01-30 04:23:51 [main] INFO :: transactionManager
2019-01-30 04:23:51 [main] INFO :: org.springframework.aop.config.internalAutoProxyCreator
2019-01-30 04:23:51 [main] INFO :: org.springframework.transaction.annotation.AnnotationTransactionAttributeSource#0
2019-01-30 04:23:51 [main] INFO :: org.springframework.transaction.interceptor.TransactionInterceptor#0
2019-01-30 04:23:51 [main] INFO :: org.springframework.transaction.config.internalTransactionAdvisor
2019-01-30 04:23:51 [main] INFO :: scopedTarget.studentReader
2019-01-30 04:23:51 [main] INFO :: scopedTarget.studentProcessor
2019-01-30 04:23:51 [main] INFO :: scopedTarget.scopedTarget.studentReader
2019-01-30 04:23:51 [main] INFO :: scopedTarget.scopedTarget.studentProcessor
2019-01-30 04:23:51 [main] INFO :: Starting Job execution
2019-01-30 04:23:51 [main] INFO :: Job: [FlowJob: [name=simpleJob]] launched with the following parameters: [{studyingIn=VI, schoolName=Dr. Zaheer School}]
2019-01-30 04:23:51 [main] INFO :: Executing step: [step1]
2019-01-30 04:23:52 [main] INFO :: StudentReader :: Initializing StudentData
2019-01-30 04:23:52 [main] INFO :: StudentReader :: In read()
2019-01-30 04:23:52 [main] INFO :: StudentReader :: In read()
2019-01-30 04:23:52 [main] INFO :: StudentReader :: In read()
2019-01-30 04:23:52 [main] INFO :: StudentReader :: In read()
2019-01-30 04:23:52 [main] INFO :: Writing total 3 students
2019-01-30 04:23:52 [main] INFO :: Writing now : StudentDTO{emailAddress='tony.tester@gmail.com', name='Tony Tester', purchasedPackage='master', studingIn='VI', schoolName='null'}
2019-01-30 04:23:52 [main] INFO :: Writing now : StudentDTO{emailAddress='nick.newbie@gmail.com', name='Nick Newbie', purchasedPackage='starter', studingIn='VI', schoolName='null'}
2019-01-30 04:23:52 [main] INFO :: Writing now : StudentDTO{emailAddress='ian.intermediate@gmail.com', name='Ian Intermediate', purchasedPackage='intermediate', studingIn='VI', schoolName='null'}
2019-01-30 04:23:52 [main] INFO :: Job: [FlowJob: [name=simpleJob]] completed with the following parameters: [{studyingIn=VI, schoolName=Dr. Zaheer School}] and the following status: [COMPLETED]
2019-01-30 04:23:52 [main] INFO :: Completion Status : COMPLETED
2019-01-30 04:23:52 [main] INFO :: This is my MainApplication
2019-01-30 04:26:29 [main] INFO :: Refreshing org.springframework.context.annotation.AnnotationConfigApplicationContext@1175e2db: startup date [Wed Jan 30 04:26:29 PST 2019]; root of context hierarchy
2019-01-30 04:26:29 [main] INFO :: Loading XML bean definitions from class path resource [batch-jobs/applicationContext.xml]
2019-01-30 04:26:30 [main] INFO :: Overriding bean definition for bean 'simpleJob': replacing [Generic bean: class [org.springframework.batch.core.configuration.xml.SimpleFlowFactoryBean]; scope=; abstract=false; lazyInit=false; autowireMode=0; dependencyCheck=0; autowireCandidate=true; primary=false; factoryBeanName=null; factoryMethodName=null; initMethodName=null; destroyMethodName=null] with [Generic bean: class [org.springframework.batch.core.configuration.xml.JobParserJobFactoryBean]; scope=; abstract=false; lazyInit=false; autowireMode=0; dependencyCheck=0; autowireCandidate=true; primary=false; factoryBeanName=null; factoryMethodName=null; initMethodName=null; destroyMethodName=null]
2019-01-30 04:26:30 [main] INFO :: Loading properties file from class path resource [application.properties]
2019-01-30 04:26:30 [main] INFO :: Overriding bean definition for bean 'studentReader': replacing [Generic bean: class [com.practice.batch.step.StudentReader]; scope=step; abstract=false; lazyInit=false; autowireMode=0; dependencyCheck=0; autowireCandidate=false; primary=false; factoryBeanName=null; factoryMethodName=null; initMethodName=null; destroyMethodName=null; defined in class path resource [batch-jobs/applicationContext.xml]] with [Root bean: class [org.springframework.aop.scope.ScopedProxyFactoryBean]; scope=; abstract=false; lazyInit=false; autowireMode=0; dependencyCheck=0; autowireCandidate=true; primary=false; factoryBeanName=null; factoryMethodName=null; initMethodName=null; destroyMethodName=null; defined in BeanDefinition defined in class path resource [batch-jobs/applicationContext.xml]]
2019-01-30 04:26:30 [main] INFO :: Overriding bean definition for bean 'studentProcessor': replacing [Generic bean: class [com.practice.batch.step.StudentProcessor]; scope=step; abstract=false; lazyInit=false; autowireMode=0; dependencyCheck=0; autowireCandidate=false; primary=false; factoryBeanName=null; factoryMethodName=null; initMethodName=null; destroyMethodName=null; defined in class path resource [batch-jobs/applicationContext.xml]] with [Root bean: class [org.springframework.aop.scope.ScopedProxyFactoryBean]; scope=; abstract=false; lazyInit=false; autowireMode=0; dependencyCheck=0; autowireCandidate=true; primary=false; factoryBeanName=null; factoryMethodName=null; initMethodName=null; destroyMethodName=null; defined in BeanDefinition defined in class path resource [batch-jobs/applicationContext.xml]]
2019-01-30 04:26:30 [main] INFO :: Overriding bean definition for bean 'scopedTarget.studentReader': replacing [Generic bean: class [com.practice.batch.step.StudentReader]; scope=step; abstract=false; lazyInit=false; autowireMode=0; dependencyCheck=0; autowireCandidate=false; primary=false; factoryBeanName=null; factoryMethodName=null; initMethodName=null; destroyMethodName=null; defined in class path resource [batch-jobs/applicationContext.xml]] with [Root bean: class [org.springframework.aop.scope.ScopedProxyFactoryBean]; scope=; abstract=false; lazyInit=false; autowireMode=0; dependencyCheck=0; autowireCandidate=false; primary=false; factoryBeanName=null; factoryMethodName=null; initMethodName=null; destroyMethodName=null; defined in BeanDefinition defined in class path resource [batch-jobs/applicationContext.xml]]
2019-01-30 04:26:30 [main] INFO :: Overriding bean definition for bean 'scopedTarget.studentProcessor': replacing [Generic bean: class [com.practice.batch.step.StudentProcessor]; scope=step; abstract=false; lazyInit=false; autowireMode=0; dependencyCheck=0; autowireCandidate=false; primary=false; factoryBeanName=null; factoryMethodName=null; initMethodName=null; destroyMethodName=null; defined in class path resource [batch-jobs/applicationContext.xml]] with [Root bean: class [org.springframework.aop.scope.ScopedProxyFactoryBean]; scope=; abstract=false; lazyInit=false; autowireMode=0; dependencyCheck=0; autowireCandidate=false; primary=false; factoryBeanName=null; factoryMethodName=null; initMethodName=null; destroyMethodName=null; defined in BeanDefinition defined in class path resource [batch-jobs/applicationContext.xml]]
2019-01-30 04:26:31 [main] INFO :: No TaskExecutor has been set, defaulting to synchronous executor.
2019-01-30 04:26:31 [main] INFO :: Printing all beanNames loaded in ApplicationContext
2019-01-30 04:26:31 [main] INFO :: org.springframework.context.annotation.internalConfigurationAnnotationProcessor
2019-01-30 04:26:31 [main] INFO :: org.springframework.context.annotation.internalAutowiredAnnotationProcessor
2019-01-30 04:26:31 [main] INFO :: org.springframework.context.annotation.internalRequiredAnnotationProcessor
2019-01-30 04:26:31 [main] INFO :: org.springframework.context.annotation.internalCommonAnnotationProcessor
2019-01-30 04:26:31 [main] INFO :: springContextConfig
2019-01-30 04:26:31 [main] INFO :: org.springframework.context.annotation.ConfigurationClassPostProcessor.importAwareProcessor
2019-01-30 04:26:31 [main] INFO :: org.springframework.context.annotation.ConfigurationClassPostProcessor.enhancedConfigurationProcessor
2019-01-30 04:26:31 [main] INFO :: studentWriter
2019-01-30 04:26:31 [main] INFO :: org.springframework.beans.factory.config.PropertyPlaceholderConfigurer#0
2019-01-30 04:26:31 [main] INFO :: org.springframework.batch.core.scope.internalStepScope
2019-01-30 04:26:31 [main] INFO :: org.springframework.beans.factory.config.CustomEditorConfigurer
2019-01-30 04:26:31 [main] INFO :: org.springframework.batch.core.configuration.xml.CoreNamespacePostProcessor
2019-01-30 04:26:31 [main] INFO :: step1
2019-01-30 04:26:31 [main] INFO :: simpleJob
2019-01-30 04:26:31 [main] INFO :: jobRepository
2019-01-30 04:26:31 [main] INFO :: jobLauncher
2019-01-30 04:26:31 [main] INFO :: org.springframework.batch.core.scope.StepScope#0
2019-01-30 04:26:31 [main] INFO :: studentReader
2019-01-30 04:26:31 [main] INFO :: studentProcessor
2019-01-30 04:26:31 [main] INFO :: transactionManager
2019-01-30 04:26:31 [main] INFO :: org.springframework.aop.config.internalAutoProxyCreator
2019-01-30 04:26:31 [main] INFO :: org.springframework.transaction.annotation.AnnotationTransactionAttributeSource#0
2019-01-30 04:26:31 [main] INFO :: org.springframework.transaction.interceptor.TransactionInterceptor#0
2019-01-30 04:26:31 [main] INFO :: org.springframework.transaction.config.internalTransactionAdvisor
2019-01-30 04:26:31 [main] INFO :: scopedTarget.studentReader
2019-01-30 04:26:31 [main] INFO :: scopedTarget.studentProcessor
2019-01-30 04:26:31 [main] INFO :: scopedTarget.scopedTarget.studentReader
2019-01-30 04:26:31 [main] INFO :: scopedTarget.scopedTarget.studentProcessor
2019-01-30 04:26:31 [main] INFO :: Starting Job execution
2019-01-30 04:26:32 [main] INFO :: Job: [FlowJob: [name=simpleJob]] launched with the following parameters: [{studyingIn=VI, schoolName=Dr. Zaheer School}]
2019-01-30 04:26:32 [main] INFO :: Executing step: [step1]
2019-01-30 04:26:32 [main] INFO :: StudentReader :: Initializing StudentData
2019-01-30 04:26:32 [main] INFO :: StudentReader :: Reading student data
2019-01-30 04:26:32 [main] INFO :: StudentReader :: Reading student data
2019-01-30 04:26:32 [main] INFO :: StudentReader :: Reading student data
2019-01-30 04:26:32 [main] INFO :: StudentReader :: Reading student data
2019-01-30 04:26:32 [main] INFO :: Writing total 3 students
2019-01-30 04:26:32 [main] INFO :: Writing now : StudentDTO{emailAddress='tony.tester@gmail.com', name='Tony Tester', purchasedPackage='master', studingIn='VI', schoolName='null'}
2019-01-30 04:26:32 [main] INFO :: Writing now : StudentDTO{emailAddress='nick.newbie@gmail.com', name='Nick Newbie', purchasedPackage='starter', studingIn='VI', schoolName='null'}
2019-01-30 04:26:32 [main] INFO :: Writing now : StudentDTO{emailAddress='ian.intermediate@gmail.com', name='Ian Intermediate', purchasedPackage='intermediate', studingIn='VI', schoolName='null'}
2019-01-30 04:26:32 [main] INFO :: Job: [FlowJob: [name=simpleJob]] completed with the following parameters: [{studyingIn=VI, schoolName=Dr. Zaheer School}] and the following status: [COMPLETED]
2019-01-30 04:26:32 [main] INFO :: Completion Status : COMPLETED
2019-01-30 04:26:32 [main] INFO :: This is my MainApplication
2019-01-30 04:27:06 [main] INFO :: Refreshing org.springframework.context.annotation.AnnotationConfigApplicationContext@1175e2db: startup date [Wed Jan 30 04:27:06 PST 2019]; root of context hierarchy
2019-01-30 04:27:06 [main] INFO :: Loading XML bean definitions from class path resource [batch-jobs/applicationContext.xml]
2019-01-30 04:27:07 [main] INFO :: Overriding bean definition for bean 'simpleJob': replacing [Generic bean: class [org.springframework.batch.core.configuration.xml.SimpleFlowFactoryBean]; scope=; abstract=false; lazyInit=false; autowireMode=0; dependencyCheck=0; autowireCandidate=true; primary=false; factoryBeanName=null; factoryMethodName=null; initMethodName=null; destroyMethodName=null] with [Generic bean: class [org.springframework.batch.core.configuration.xml.JobParserJobFactoryBean]; scope=; abstract=false; lazyInit=false; autowireMode=0; dependencyCheck=0; autowireCandidate=true; primary=false; factoryBeanName=null; factoryMethodName=null; initMethodName=null; destroyMethodName=null]
2019-01-30 04:27:07 [main] INFO :: Loading properties file from class path resource [application.properties]
2019-01-30 04:27:07 [main] INFO :: Overriding bean definition for bean 'studentReader': replacing [Generic bean: class [com.practice.batch.step.StudentReader]; scope=step; abstract=false; lazyInit=false; autowireMode=0; dependencyCheck=0; autowireCandidate=false; primary=false; factoryBeanName=null; factoryMethodName=null; initMethodName=null; destroyMethodName=null; defined in class path resource [batch-jobs/applicationContext.xml]] with [Root bean: class [org.springframework.aop.scope.ScopedProxyFactoryBean]; scope=; abstract=false; lazyInit=false; autowireMode=0; dependencyCheck=0; autowireCandidate=true; primary=false; factoryBeanName=null; factoryMethodName=null; initMethodName=null; destroyMethodName=null; defined in BeanDefinition defined in class path resource [batch-jobs/applicationContext.xml]]
2019-01-30 04:27:07 [main] INFO :: Overriding bean definition for bean 'studentProcessor': replacing [Generic bean: class [com.practice.batch.step.StudentProcessor]; scope=step; abstract=false; lazyInit=false; autowireMode=0; dependencyCheck=0; autowireCandidate=false; primary=false; factoryBeanName=null; factoryMethodName=null; initMethodName=null; destroyMethodName=null; defined in class path resource [batch-jobs/applicationContext.xml]] with [Root bean: class [org.springframework.aop.scope.ScopedProxyFactoryBean]; scope=; abstract=false; lazyInit=false; autowireMode=0; dependencyCheck=0; autowireCandidate=true; primary=false; factoryBeanName=null; factoryMethodName=null; initMethodName=null; destroyMethodName=null; defined in BeanDefinition defined in class path resource [batch-jobs/applicationContext.xml]]
2019-01-30 04:27:07 [main] INFO :: Overriding bean definition for bean 'scopedTarget.studentReader': replacing [Generic bean: class [com.practice.batch.step.StudentReader]; scope=step; abstract=false; lazyInit=false; autowireMode=0; dependencyCheck=0; autowireCandidate=false; primary=false; factoryBeanName=null; factoryMethodName=null; initMethodName=null; destroyMethodName=null; defined in class path resource [batch-jobs/applicationContext.xml]] with [Root bean: class [org.springframework.aop.scope.ScopedProxyFactoryBean]; scope=; abstract=false; lazyInit=false; autowireMode=0; dependencyCheck=0; autowireCandidate=false; primary=false; factoryBeanName=null; factoryMethodName=null; initMethodName=null; destroyMethodName=null; defined in BeanDefinition defined in class path resource [batch-jobs/applicationContext.xml]]
2019-01-30 04:27:07 [main] INFO :: Overriding bean definition for bean 'scopedTarget.studentProcessor': replacing [Generic bean: class [com.practice.batch.step.StudentProcessor]; scope=step; abstract=false; lazyInit=false; autowireMode=0; dependencyCheck=0; autowireCandidate=false; primary=false; factoryBeanName=null; factoryMethodName=null; initMethodName=null; destroyMethodName=null; defined in class path resource [batch-jobs/applicationContext.xml]] with [Root bean: class [org.springframework.aop.scope.ScopedProxyFactoryBean]; scope=; abstract=false; lazyInit=false; autowireMode=0; dependencyCheck=0; autowireCandidate=false; primary=false; factoryBeanName=null; factoryMethodName=null; initMethodName=null; destroyMethodName=null; defined in BeanDefinition defined in class path resource [batch-jobs/applicationContext.xml]]
2019-01-30 04:27:08 [main] INFO :: No TaskExecutor has been set, defaulting to synchronous executor.
2019-01-30 04:27:08 [main] INFO :: Printing all beanNames loaded in ApplicationContext
2019-01-30 04:27:08 [main] INFO :: org.springframework.context.annotation.internalConfigurationAnnotationProcessor
2019-01-30 04:27:08 [main] INFO :: org.springframework.context.annotation.internalAutowiredAnnotationProcessor
2019-01-30 04:27:08 [main] INFO :: org.springframework.context.annotation.internalRequiredAnnotationProcessor
2019-01-30 04:27:08 [main] INFO :: org.springframework.context.annotation.internalCommonAnnotationProcessor
2019-01-30 04:27:08 [main] INFO :: springContextConfig
2019-01-30 04:27:08 [main] INFO :: org.springframework.context.annotation.ConfigurationClassPostProcessor.importAwareProcessor
2019-01-30 04:27:08 [main] INFO :: org.springframework.context.annotation.ConfigurationClassPostProcessor.enhancedConfigurationProcessor
2019-01-30 04:27:08 [main] INFO :: studentWriter
2019-01-30 04:27:08 [main] INFO :: org.springframework.beans.factory.config.PropertyPlaceholderConfigurer#0
2019-01-30 04:27:08 [main] INFO :: org.springframework.batch.core.scope.internalStepScope
2019-01-30 04:27:08 [main] INFO :: org.springframework.beans.factory.config.CustomEditorConfigurer
2019-01-30 04:27:08 [main] INFO :: org.springframework.batch.core.configuration.xml.CoreNamespacePostProcessor
2019-01-30 04:27:08 [main] INFO :: step1
2019-01-30 04:27:08 [main] INFO :: simpleJob
2019-01-30 04:27:08 [main] INFO :: jobRepository
2019-01-30 04:27:08 [main] INFO :: jobLauncher
2019-01-30 04:27:08 [main] INFO :: org.springframework.batch.core.scope.StepScope#0
2019-01-30 04:27:08 [main] INFO :: studentReader
2019-01-30 04:27:08 [main] INFO :: studentProcessor
2019-01-30 04:27:08 [main] INFO :: transactionManager
2019-01-30 04:27:08 [main] INFO :: org.springframework.aop.config.internalAutoProxyCreator
2019-01-30 04:27:08 [main] INFO :: org.springframework.transaction.annotation.AnnotationTransactionAttributeSource#0
2019-01-30 04:27:08 [main] INFO :: org.springframework.transaction.interceptor.TransactionInterceptor#0
2019-01-30 04:27:08 [main] INFO :: org.springframework.transaction.config.internalTransactionAdvisor
2019-01-30 04:27:08 [main] INFO :: scopedTarget.studentReader
2019-01-30 04:27:08 [main] INFO :: scopedTarget.studentProcessor
2019-01-30 04:27:08 [main] INFO :: scopedTarget.scopedTarget.studentReader
2019-01-30 04:27:08 [main] INFO :: scopedTarget.scopedTarget.studentProcessor
2019-01-30 04:27:08 [main] INFO :: Starting Job execution
2019-01-30 04:27:08 [main] INFO :: Job: [FlowJob: [name=simpleJob]] launched with the following parameters: [{studyingIn=VI, schoolName=Dr. Zaheer School}]
2019-01-30 04:27:08 [main] INFO :: Executing step: [step1]
2019-01-30 04:27:08 [main] INFO :: StudentReader :: Initializing StudentData
2019-01-30 04:27:08 [main] INFO :: StudentReader :: Reading student data
2019-01-30 04:27:08 [main] INFO :: StudentReader :: Reading student data
2019-01-30 04:27:08 [main] INFO :: StudentReader :: Reading student data
2019-01-30 04:27:08 [main] INFO :: StudentReader :: Reading student data
2019-01-30 04:27:08 [main] INFO :: StudentProcessor :: Current Student: Tony Tester
2019-01-30 04:27:08 [main] INFO :: StudentProcessor :: Current Student: Nick Newbie
2019-01-30 04:27:08 [main] INFO :: StudentProcessor :: Current Student: Ian Intermediate
2019-01-30 04:27:08 [main] INFO :: Writing total 3 students
2019-01-30 04:27:08 [main] INFO :: Writing now : StudentDTO{emailAddress='tony.tester@gmail.com', name='Tony Tester', purchasedPackage='master', studingIn='VI', schoolName='Dr. Zaheer School'}
2019-01-30 04:27:08 [main] INFO :: Writing now : StudentDTO{emailAddress='nick.newbie@gmail.com', name='Nick Newbie', purchasedPackage='starter', studingIn='VI', schoolName='Dr. Zaheer School'}
2019-01-30 04:27:08 [main] INFO :: Writing now : StudentDTO{emailAddress='ian.intermediate@gmail.com', name='Ian Intermediate', purchasedPackage='intermediate', studingIn='VI', schoolName='Dr. Zaheer School'}
2019-01-30 04:27:08 [main] INFO :: Job: [FlowJob: [name=simpleJob]] completed with the following parameters: [{studyingIn=VI, schoolName=Dr. Zaheer School}] and the following status: [COMPLETED]
2019-01-30 04:27:08 [main] INFO :: Completion Status : COMPLETED
2019-01-30 04:27:08 [main] INFO :: This is my MainApplication
2019-01-30 04:27:45 [main] INFO :: Refreshing org.springframework.context.annotation.AnnotationConfigApplicationContext@1175e2db: startup date [Wed Jan 30 04:27:45 PST 2019]; root of context hierarchy
2019-01-30 04:27:46 [main] INFO :: Loading XML bean definitions from class path resource [batch-jobs/applicationContext.xml]
2019-01-30 04:27:46 [main] INFO :: Overriding bean definition for bean 'simpleJob': replacing [Generic bean: class [org.springframework.batch.core.configuration.xml.SimpleFlowFactoryBean]; scope=; abstract=false; lazyInit=false; autowireMode=0; dependencyCheck=0; autowireCandidate=true; primary=false; factoryBeanName=null; factoryMethodName=null; initMethodName=null; destroyMethodName=null] with [Generic bean: class [org.springframework.batch.core.configuration.xml.JobParserJobFactoryBean]; scope=; abstract=false; lazyInit=false; autowireMode=0; dependencyCheck=0; autowireCandidate=true; primary=false; factoryBeanName=null; factoryMethodName=null; initMethodName=null; destroyMethodName=null]
2019-01-30 04:27:47 [main] INFO :: Loading properties file from class path resource [application.properties]
2019-01-30 04:27:47 [main] INFO :: Overriding bean definition for bean 'studentReader': replacing [Generic bean: class [com.practice.batch.step.StudentReader]; scope=step; abstract=false; lazyInit=false; autowireMode=0; dependencyCheck=0; autowireCandidate=false; primary=false; factoryBeanName=null; factoryMethodName=null; initMethodName=null; destroyMethodName=null; defined in class path resource [batch-jobs/applicationContext.xml]] with [Root bean: class [org.springframework.aop.scope.ScopedProxyFactoryBean]; scope=; abstract=false; lazyInit=false; autowireMode=0; dependencyCheck=0; autowireCandidate=true; primary=false; factoryBeanName=null; factoryMethodName=null; initMethodName=null; destroyMethodName=null; defined in BeanDefinition defined in class path resource [batch-jobs/applicationContext.xml]]
2019-01-30 04:27:47 [main] INFO :: Overriding bean definition for bean 'studentProcessor': replacing [Generic bean: class [com.practice.batch.step.StudentProcessor]; scope=step; abstract=false; lazyInit=false; autowireMode=0; dependencyCheck=0; autowireCandidate=false; primary=false; factoryBeanName=null; factoryMethodName=null; initMethodName=null; destroyMethodName=null; defined in class path resource [batch-jobs/applicationContext.xml]] with [Root bean: class [org.springframework.aop.scope.ScopedProxyFactoryBean]; scope=; abstract=false; lazyInit=false; autowireMode=0; dependencyCheck=0; autowireCandidate=true; primary=false; factoryBeanName=null; factoryMethodName=null; initMethodName=null; destroyMethodName=null; defined in BeanDefinition defined in class path resource [batch-jobs/applicationContext.xml]]
2019-01-30 04:27:47 [main] INFO :: Overriding bean definition for bean 'scopedTarget.studentReader': replacing [Generic bean: class [com.practice.batch.step.StudentReader]; scope=step; abstract=false; lazyInit=false; autowireMode=0; dependencyCheck=0; autowireCandidate=false; primary=false; factoryBeanName=null; factoryMethodName=null; initMethodName=null; destroyMethodName=null; defined in class path resource [batch-jobs/applicationContext.xml]] with [Root bean: class [org.springframework.aop.scope.ScopedProxyFactoryBean]; scope=; abstract=false; lazyInit=false; autowireMode=0; dependencyCheck=0; autowireCandidate=false; primary=false; factoryBeanName=null; factoryMethodName=null; initMethodName=null; destroyMethodName=null; defined in BeanDefinition defined in class path resource [batch-jobs/applicationContext.xml]]
2019-01-30 04:27:47 [main] INFO :: Overriding bean definition for bean 'scopedTarget.studentProcessor': replacing [Generic bean: class [com.practice.batch.step.StudentProcessor]; scope=step; abstract=false; lazyInit=false; autowireMode=0; dependencyCheck=0; autowireCandidate=false; primary=false; factoryBeanName=null; factoryMethodName=null; initMethodName=null; destroyMethodName=null; defined in class path resource [batch-jobs/applicationContext.xml]] with [Root bean: class [org.springframework.aop.scope.ScopedProxyFactoryBean]; scope=; abstract=false; lazyInit=false; autowireMode=0; dependencyCheck=0; autowireCandidate=false; primary=false; factoryBeanName=null; factoryMethodName=null; initMethodName=null; destroyMethodName=null; defined in BeanDefinition defined in class path resource [batch-jobs/applicationContext.xml]]
2019-01-30 04:27:48 [main] INFO :: No TaskExecutor has been set, defaulting to synchronous executor.
2019-01-30 04:27:48 [main] INFO :: Printing all beanNames loaded in ApplicationContext
2019-01-30 04:27:48 [main] INFO :: org.springframework.context.annotation.internalConfigurationAnnotationProcessor
2019-01-30 04:27:48 [main] INFO :: org.springframework.context.annotation.internalAutowiredAnnotationProcessor
2019-01-30 04:27:48 [main] INFO :: org.springframework.context.annotation.internalRequiredAnnotationProcessor
2019-01-30 04:27:48 [main] INFO :: org.springframework.context.annotation.internalCommonAnnotationProcessor
2019-01-30 04:27:48 [main] INFO :: springContextConfig
2019-01-30 04:27:48 [main] INFO :: org.springframework.context.annotation.ConfigurationClassPostProcessor.importAwareProcessor
2019-01-30 04:27:48 [main] INFO :: org.springframework.context.annotation.ConfigurationClassPostProcessor.enhancedConfigurationProcessor
2019-01-30 04:27:48 [main] INFO :: studentWriter
2019-01-30 04:27:48 [main] INFO :: org.springframework.beans.factory.config.PropertyPlaceholderConfigurer#0
2019-01-30 04:27:48 [main] INFO :: org.springframework.batch.core.scope.internalStepScope
2019-01-30 04:27:48 [main] INFO :: org.springframework.beans.factory.config.CustomEditorConfigurer
2019-01-30 04:27:48 [main] INFO :: org.springframework.batch.core.configuration.xml.CoreNamespacePostProcessor
2019-01-30 04:27:48 [main] INFO :: step1
2019-01-30 04:27:48 [main] INFO :: simpleJob
2019-01-30 04:27:48 [main] INFO :: jobRepository
2019-01-30 04:27:48 [main] INFO :: jobLauncher
2019-01-30 04:27:48 [main] INFO :: org.springframework.batch.core.scope.StepScope#0
2019-01-30 04:27:48 [main] INFO :: studentReader
2019-01-30 04:27:48 [main] INFO :: studentProcessor
2019-01-30 04:27:48 [main] INFO :: transactionManager
2019-01-30 04:27:48 [main] INFO :: org.springframework.aop.config.internalAutoProxyCreator
2019-01-30 04:27:48 [main] INFO :: org.springframework.transaction.annotation.AnnotationTransactionAttributeSource#0
2019-01-30 04:27:48 [main] INFO :: org.springframework.transaction.interceptor.TransactionInterceptor#0
2019-01-30 04:27:48 [main] INFO :: org.springframework.transaction.config.internalTransactionAdvisor
2019-01-30 04:27:48 [main] INFO :: scopedTarget.studentReader
2019-01-30 04:27:48 [main] INFO :: scopedTarget.studentProcessor
2019-01-30 04:27:48 [main] INFO :: scopedTarget.scopedTarget.studentReader
2019-01-30 04:27:48 [main] INFO :: scopedTarget.scopedTarget.studentProcessor
2019-01-30 04:27:48 [main] INFO :: Starting Job execution
2019-01-30 04:27:48 [main] INFO :: Job: [FlowJob: [name=simpleJob]] launched with the following parameters: [{studyingIn=VI, schoolName=St. Ann's School}]
2019-01-30 04:27:48 [main] INFO :: Executing step: [step1]
2019-01-30 04:27:48 [main] INFO :: StudentReader :: Initializing StudentData
2019-01-30 04:27:48 [main] INFO :: StudentReader :: Reading student data
2019-01-30 04:27:48 [main] INFO :: StudentReader :: Reading student data
2019-01-30 04:27:48 [main] INFO :: StudentReader :: Reading student data
2019-01-30 04:27:48 [main] INFO :: StudentReader :: Reading student data
2019-01-30 04:27:48 [main] INFO :: StudentProcessor :: Current Student: Tony Tester
2019-01-30 04:27:48 [main] INFO :: StudentProcessor :: Current Student: Nick Newbie
2019-01-30 04:27:48 [main] INFO :: StudentProcessor :: Current Student: Ian Intermediate
2019-01-30 04:27:48 [main] INFO :: Writing total 3 students
2019-01-30 04:27:48 [main] INFO :: Writing now : StudentDTO{emailAddress='tony.tester@gmail.com', name='Tony Tester', purchasedPackage='master', studingIn='VI', schoolName='St. Ann's School'}
2019-01-30 04:27:48 [main] INFO :: Writing now : StudentDTO{emailAddress='nick.newbie@gmail.com', name='Nick Newbie', purchasedPackage='starter', studingIn='VI', schoolName='St. Ann's School'}
2019-01-30 04:27:48 [main] INFO :: Writing now : StudentDTO{emailAddress='ian.intermediate@gmail.com', name='Ian Intermediate', purchasedPackage='intermediate', studingIn='VI', schoolName='St. Ann's School'}
2019-01-30 04:27:48 [main] INFO :: Job: [FlowJob: [name=simpleJob]] completed with the following parameters: [{studyingIn=VI, schoolName=St. Ann's School}] and the following status: [COMPLETED]
2019-01-30 04:27:48 [main] INFO :: Completion Status : COMPLETED
2019-01-30 04:27:48 [main] INFO :: This is my MainApplication
2019-01-30 04:29:53 [main] INFO :: Refreshing org.springframework.context.annotation.AnnotationConfigApplicationContext@1175e2db: startup date [Wed Jan 30 04:29:53 PST 2019]; root of context hierarchy
2019-01-30 04:29:53 [main] INFO :: Loading XML bean definitions from class path resource [batch-jobs/applicationContext.xml]
2019-01-30 04:29:53 [main] INFO :: Overriding bean definition for bean 'simpleJob': replacing [Generic bean: class [org.springframework.batch.core.configuration.xml.SimpleFlowFactoryBean]; scope=; abstract=false; lazyInit=false; autowireMode=0; dependencyCheck=0; autowireCandidate=true; primary=false; factoryBeanName=null; factoryMethodName=null; initMethodName=null; destroyMethodName=null] with [Generic bean: class [org.springframework.batch.core.configuration.xml.JobParserJobFactoryBean]; scope=; abstract=false; lazyInit=false; autowireMode=0; dependencyCheck=0; autowireCandidate=true; primary=false; factoryBeanName=null; factoryMethodName=null; initMethodName=null; destroyMethodName=null]
2019-01-30 04:29:54 [main] INFO :: Loading properties file from class path resource [application.properties]
2019-01-30 04:29:54 [main] INFO :: Overriding bean definition for bean 'studentProcessor': replacing [Generic bean: class [com.practice.batch.step.StudentProcessor]; scope=step; abstract=false; lazyInit=false; autowireMode=0; dependencyCheck=0; autowireCandidate=false; primary=false; factoryBeanName=null; factoryMethodName=null; initMethodName=null; destroyMethodName=null; defined in class path resource [batch-jobs/applicationContext.xml]] with [Root bean: class [org.springframework.aop.scope.ScopedProxyFactoryBean]; scope=; abstract=false; lazyInit=false; autowireMode=0; dependencyCheck=0; autowireCandidate=true; primary=false; factoryBeanName=null; factoryMethodName=null; initMethodName=null; destroyMethodName=null; defined in BeanDefinition defined in class path resource [batch-jobs/applicationContext.xml]]
2019-01-30 04:29:54 [main] INFO :: Overriding bean definition for bean 'scopedTarget.studentProcessor': replacing [Generic bean: class [com.practice.batch.step.StudentProcessor]; scope=step; abstract=false; lazyInit=false; autowireMode=0; dependencyCheck=0; autowireCandidate=false; primary=false; factoryBeanName=null; factoryMethodName=null; initMethodName=null; destroyMethodName=null; defined in class path resource [batch-jobs/applicationContext.xml]] with [Root bean: class [org.springframework.aop.scope.ScopedProxyFactoryBean]; scope=; abstract=false; lazyInit=false; autowireMode=0; dependencyCheck=0; autowireCandidate=false; primary=false; factoryBeanName=null; factoryMethodName=null; initMethodName=null; destroyMethodName=null; defined in BeanDefinition defined in class path resource [batch-jobs/applicationContext.xml]]
2019-01-30 04:29:54 [main] INFO :: StudentReader :: Initializing StudentData
2019-01-30 04:29:55 [main] INFO :: No TaskExecutor has been set, defaulting to synchronous executor.
2019-01-30 04:29:55 [main] INFO :: Printing all beanNames loaded in ApplicationContext
2019-01-30 04:29:55 [main] INFO :: org.springframework.context.annotation.internalConfigurationAnnotationProcessor
2019-01-30 04:29:55 [main] INFO :: org.springframework.context.annotation.internalAutowiredAnnotationProcessor
2019-01-30 04:29:55 [main] INFO :: org.springframework.context.annotation.internalRequiredAnnotationProcessor
2019-01-30 04:29:55 [main] INFO :: org.springframework.context.annotation.internalCommonAnnotationProcessor
2019-01-30 04:29:55 [main] INFO :: springContextConfig
2019-01-30 04:29:55 [main] INFO :: org.springframework.context.annotation.ConfigurationClassPostProcessor.importAwareProcessor
2019-01-30 04:29:55 [main] INFO :: org.springframework.context.annotation.ConfigurationClassPostProcessor.enhancedConfigurationProcessor
2019-01-30 04:29:55 [main] INFO :: studentWriter
2019-01-30 04:29:55 [main] INFO :: org.springframework.beans.factory.config.PropertyPlaceholderConfigurer#0
2019-01-30 04:29:55 [main] INFO :: org.springframework.batch.core.scope.internalStepScope
2019-01-30 04:29:55 [main] INFO :: org.springframework.beans.factory.config.CustomEditorConfigurer
2019-01-30 04:29:55 [main] INFO :: org.springframework.batch.core.configuration.xml.CoreNamespacePostProcessor
2019-01-30 04:29:55 [main] INFO :: step1
2019-01-30 04:29:55 [main] INFO :: simpleJob
2019-01-30 04:29:55 [main] INFO :: jobRepository
2019-01-30 04:29:55 [main] INFO :: jobLauncher
2019-01-30 04:29:55 [main] INFO :: org.springframework.batch.core.scope.StepScope#0
2019-01-30 04:29:55 [main] INFO :: studentReader
2019-01-30 04:29:55 [main] INFO :: studentProcessor
2019-01-30 04:29:55 [main] INFO :: transactionManager
2019-01-30 04:29:55 [main] INFO :: org.springframework.aop.config.internalAutoProxyCreator
2019-01-30 04:29:55 [main] INFO :: org.springframework.transaction.annotation.AnnotationTransactionAttributeSource#0
2019-01-30 04:29:55 [main] INFO :: org.springframework.transaction.interceptor.TransactionInterceptor#0
2019-01-30 04:29:55 [main] INFO :: org.springframework.transaction.config.internalTransactionAdvisor
2019-01-30 04:29:55 [main] INFO :: scopedTarget.studentProcessor
2019-01-30 04:29:55 [main] INFO :: scopedTarget.scopedTarget.studentProcessor
2019-01-30 04:29:55 [main] INFO :: Starting Job execution
2019-01-30 04:29:55 [main] INFO :: Job: [FlowJob: [name=simpleJob]] launched with the following parameters: [{studyingIn=VI, schoolName=St. Ann's School}]
2019-01-30 04:29:55 [main] INFO :: Executing step: [step1]
2019-01-30 04:29:55 [main] INFO :: StudentReader :: Reading student data
2019-01-30 04:29:55 [main] INFO :: StudentReader :: Reading student data
2019-01-30 04:29:55 [main] INFO :: StudentReader :: Reading student data
2019-01-30 04:29:55 [main] INFO :: StudentReader :: Reading student data
2019-01-30 04:29:55 [main] INFO :: StudentProcessor :: Current Student: Tony Tester
2019-01-30 04:29:55 [main] INFO :: StudentProcessor :: Current Student: Nick Newbie
2019-01-30 04:29:55 [main] INFO :: StudentProcessor :: Current Student: Ian Intermediate
2019-01-30 04:29:55 [main] INFO :: Writing total 3 students
2019-01-30 04:29:55 [main] INFO :: Writing now : StudentDTO{emailAddress='tony.tester@gmail.com', name='Tony Tester', purchasedPackage='master', studingIn='VI', schoolName='St. Ann's School'}
2019-01-30 04:29:55 [main] INFO :: Writing now : StudentDTO{emailAddress='nick.newbie@gmail.com', name='Nick Newbie', purchasedPackage='starter', studingIn='VI', schoolName='St. Ann's School'}
2019-01-30 04:29:55 [main] INFO :: Writing now : StudentDTO{emailAddress='ian.intermediate@gmail.com', name='Ian Intermediate', purchasedPackage='intermediate', studingIn='VI', schoolName='St. Ann's School'}
2019-01-30 04:29:55 [main] INFO :: Job: [FlowJob: [name=simpleJob]] completed with the following parameters: [{studyingIn=VI, schoolName=St. Ann's School}] and the following status: [COMPLETED]
2019-01-30 04:29:55 [main] INFO :: Completion Status : COMPLETED
2019-01-30 04:29:55 [main] INFO :: This is my MainApplication
2019-01-30 04:37:43 [main] INFO :: Refreshing org.springframework.context.annotation.AnnotationConfigApplicationContext@1175e2db: startup date [Wed Jan 30 04:37:43 PST 2019]; root of context hierarchy
2019-01-30 04:37:44 [main] INFO :: Loading XML bean definitions from class path resource [batch-jobs/applicationContext.xml]
2019-01-30 04:37:45 [main] INFO :: Overriding bean definition for bean 'simpleJob': replacing [Generic bean: class [org.springframework.batch.core.configuration.xml.SimpleFlowFactoryBean]; scope=; abstract=false; lazyInit=false; autowireMode=0; dependencyCheck=0; autowireCandidate=true; primary=false; factoryBeanName=null; factoryMethodName=null; initMethodName=null; destroyMethodName=null] with [Generic bean: class [org.springframework.batch.core.configuration.xml.JobParserJobFactoryBean]; scope=; abstract=false; lazyInit=false; autowireMode=0; dependencyCheck=0; autowireCandidate=true; primary=false; factoryBeanName=null; factoryMethodName=null; initMethodName=null; destroyMethodName=null]
2019-01-30 04:37:45 [main] INFO :: Loading properties file from class path resource [application.properties]
2019-01-30 04:37:45 [main] INFO :: Overriding bean definition for bean 'studentProcessor': replacing [Generic bean: class [com.practice.batch.step.StudentProcessor]; scope=step; abstract=false; lazyInit=false; autowireMode=0; dependencyCheck=0; autowireCandidate=false; primary=false; factoryBeanName=null; factoryMethodName=null; initMethodName=null; destroyMethodName=null; defined in class path resource [batch-jobs/applicationContext.xml]] with [Root bean: class [org.springframework.aop.scope.ScopedProxyFactoryBean]; scope=; abstract=false; lazyInit=false; autowireMode=0; dependencyCheck=0; autowireCandidate=true; primary=false; factoryBeanName=null; factoryMethodName=null; initMethodName=null; destroyMethodName=null; defined in BeanDefinition defined in class path resource [batch-jobs/applicationContext.xml]]
2019-01-30 04:37:45 [main] INFO :: Overriding bean definition for bean 'scopedTarget.studentProcessor': replacing [Generic bean: class [com.practice.batch.step.StudentProcessor]; scope=step; abstract=false; lazyInit=false; autowireMode=0; dependencyCheck=0; autowireCandidate=false; primary=false; factoryBeanName=null; factoryMethodName=null; initMethodName=null; destroyMethodName=null; defined in class path resource [batch-jobs/applicationContext.xml]] with [Root bean: class [org.springframework.aop.scope.ScopedProxyFactoryBean]; scope=; abstract=false; lazyInit=false; autowireMode=0; dependencyCheck=0; autowireCandidate=false; primary=false; factoryBeanName=null; factoryMethodName=null; initMethodName=null; destroyMethodName=null; defined in BeanDefinition defined in class path resource [batch-jobs/applicationContext.xml]]
2019-01-30 04:37:46 [main] INFO :: StudentReader :: Initializing StudentData
2019-01-30 04:37:46 [main] INFO :: No TaskExecutor has been set, defaulting to synchronous executor.
2019-01-30 04:37:46 [main] INFO :: Printing all beanNames loaded in ApplicationContext
2019-01-30 04:37:46 [main] INFO :: org.springframework.context.annotation.internalConfigurationAnnotationProcessor
2019-01-30 04:37:46 [main] INFO :: org.springframework.context.annotation.internalAutowiredAnnotationProcessor
2019-01-30 04:37:46 [main] INFO :: org.springframework.context.annotation.internalRequiredAnnotationProcessor
2019-01-30 04:37:46 [main] INFO :: org.springframework.context.annotation.internalCommonAnnotationProcessor
2019-01-30 04:37:46 [main] INFO :: springContextConfig
2019-01-30 04:37:46 [main] INFO :: org.springframework.context.annotation.ConfigurationClassPostProcessor.importAwareProcessor
2019-01-30 04:37:46 [main] INFO :: org.springframework.context.annotation.ConfigurationClassPostProcessor.enhancedConfigurationProcessor
2019-01-30 04:37:46 [main] INFO :: studentWriter
2019-01-30 04:37:46 [main] INFO :: org.springframework.beans.factory.config.PropertyPlaceholderConfigurer#0
2019-01-30 04:37:46 [main] INFO :: org.springframework.batch.core.scope.internalStepScope
2019-01-30 04:37:46 [main] INFO :: org.springframework.beans.factory.config.CustomEditorConfigurer
2019-01-30 04:37:46 [main] INFO :: org.springframework.batch.core.configuration.xml.CoreNamespacePostProcessor
2019-01-30 04:37:46 [main] INFO :: step1
2019-01-30 04:37:46 [main] INFO :: simpleJob
2019-01-30 04:37:46 [main] INFO :: jobRepository
2019-01-30 04:37:46 [main] INFO :: jobLauncher
2019-01-30 04:37:46 [main] INFO :: org.springframework.batch.core.scope.StepScope#0
2019-01-30 04:37:46 [main] INFO :: studentReader
2019-01-30 04:37:46 [main] INFO :: studentProcessor
2019-01-30 04:37:46 [main] INFO :: transactionManager
2019-01-30 04:37:46 [main] INFO :: org.springframework.aop.config.internalAutoProxyCreator
2019-01-30 04:37:46 [main] INFO :: org.springframework.transaction.annotation.AnnotationTransactionAttributeSource#0
2019-01-30 04:37:46 [main] INFO :: org.springframework.transaction.interceptor.TransactionInterceptor#0
2019-01-30 04:37:46 [main] INFO :: org.springframework.transaction.config.internalTransactionAdvisor
2019-01-30 04:37:46 [main] INFO :: scopedTarget.studentProcessor
2019-01-30 04:37:46 [main] INFO :: scopedTarget.scopedTarget.studentProcessor
2019-01-30 04:37:46 [main] INFO :: Starting Job execution
2019-01-30 04:37:46 [main] INFO :: Job: [FlowJob: [name=simpleJob]] launched with the following parameters: [{studyingIn=VI, schoolName=St. Ann's School}]
2019-01-30 04:37:46 [main] INFO :: Executing step: [step1]
2019-01-30 04:37:46 [main] INFO :: StudentReader :: Reading student data
2019-01-30 04:37:46 [main] INFO :: StudentReader :: Reading student data
2019-01-30 04:37:46 [main] INFO :: StudentReader :: Reading student data
2019-01-30 04:37:46 [main] INFO :: StudentReader :: Reading student data
2019-01-30 04:37:47 [main] INFO :: StudentProcessor :: Current Student: Tony Tester
2019-01-30 04:37:47 [main] INFO :: StudentProcessor :: Current Student: Nick Newbie
2019-01-30 04:37:47 [main] INFO :: StudentProcessor :: Current Student: Ian Intermediate
2019-01-30 04:37:47 [main] INFO :: Writing total 3 students
2019-01-30 04:37:47 [main] INFO :: Writing now : StudentDTO{emailAddress='tony.tester@gmail.com', name='Tony Tester', purchasedPackage='master', studingIn='VI', schoolName='St. Ann's School'}
2019-01-30 04:37:47 [main] INFO :: Writing now : StudentDTO{emailAddress='nick.newbie@gmail.com', name='Nick Newbie', purchasedPackage='starter', studingIn='VI', schoolName='St. Ann's School'}
2019-01-30 04:37:47 [main] INFO :: Writing now : StudentDTO{emailAddress='ian.intermediate@gmail.com', name='Ian Intermediate', purchasedPackage='intermediate', studingIn='VI', schoolName='St. Ann's School'}
2019-01-30 04:37:47 [main] INFO :: Job: [FlowJob: [name=simpleJob]] completed with the following parameters: [{studyingIn=VI, schoolName=St. Ann's School}] and the following status: [COMPLETED]
2019-01-30 04:37:47 [main] INFO :: Completion Status : COMPLETED
2019-01-30 04:37:47 [main] INFO :: This is my MainApplication
